<?xml version="1.0" encoding="UTF-8"?>
<testng-results skipped="0" failed="0" total="1" passed="1">
  <reporter-output>
  </reporter-output>
  <suite name="Surefire suite" duration-ms="4433" started-at="2015-11-12T16:40:28Z" finished-at="2015-11-12T16:40:32Z">
    <groups>
    </groups>
    <test name="Surefire test" duration-ms="4433" started-at="2015-11-12T16:40:28Z" finished-at="2015-11-12T16:40:32Z">
      <class name="com.iClip.iClip.js.JsInteractionTest">
        <test-method status="PASS" signature="initializeJSEngine()[pri:0, instance:com.iClip.iClip.js.JsInteractionTest@4563e9ab]" name="initializeJSEngine" is-config="true" duration-ms="4097" started-at="2015-11-12T16:40:28Z" finished-at="2015-11-12T16:40:32Z">
          <reporter-output>
          </reporter-output>
        </test-method> <!-- initializeJSEngine -->
        <test-method status="PASS" signature="testCallbackFromJavaScript()[pri:0, instance:com.iClip.iClip.js.JsInteractionTest@4563e9ab]" name="testCallbackFromJavaScript" duration-ms="157" started-at="2015-11-12T16:40:32Z" finished-at="2015-11-12T16:40:32Z">
          <reporter-output>
          </reporter-output>
        </test-method> <!-- testCallbackFromJavaScript -->
        <test-method status="PASS" signature="shutdownJSEngine()[pri:0, instance:com.iClip.iClip.js.JsInteractionTest@4563e9ab]" name="shutdownJSEngine" is-config="true" duration-ms="0" started-at="2015-11-12T16:40:32Z" finished-at="2015-11-12T16:40:32Z">
          <reporter-output>
          </reporter-output>
        </test-method> <!-- shutdownJSEngine -->
      </class> <!-- com.iClip.iClip.js.JsInteractionTest -->
    </test> <!-- Surefire test -->
  </suite> <!-- Surefire suite -->
</testng-results>
